<?xml version="1.0" encoding="UTF-8"?>
<!-- Generated by org.testng.reporters.JUnitReportReporter -->
<testsuite hostname="Surajkumars-MacBook-Pro.local" failures="0" tests="1" name="sdet.fixtures.PostEmployeeTest" time="0.000" errors="0" timestamp="2022-12-25T14:13:48 IST" skipped="1">
  <testcase classname="sdet.fixtures.PostEmployeeTest" name="postEmployeeTest" time="0.000">
    <skipped/>
  </testcase> <!-- postEmployeeTest -->
  <system-out/>
</testsuite> <!-- sdet.fixtures.PostEmployeeTest -->
