<?xml version="1.0" encoding="UTF-8"?>
<!-- Generated by org.testng.reporters.JUnitReportReporter -->
<testsuite hostname="Surajkumars-MacBook-Pro.local" failures="0" tests="1" name="sdet.externalfilereading.excelfile.zerocell.ZerocellTestDataTest" time="0.000" errors="0" timestamp="2022-12-25T14:13:48 IST" skipped="1">
  <testcase classname="sdet.externalfilereading.excelfile.zerocell.ZerocellTestDataTest" name="zerocell" time="0.000">
    <skipped/>
  </testcase> <!-- zerocell -->
  <system-out/>
</testsuite> <!-- sdet.externalfilereading.excelfile.zerocell.ZerocellTestDataTest -->
