<?xml version="1.0" encoding="UTF-8"?>
<!-- Generated by org.testng.reporters.JUnitReportReporter -->
<testsuite hostname="Surajkumars-MacBook-Pro.local" failures="0" tests="1" name="com.projtest.api.practice.reporttest.PostResourceTest" time="0.000" errors="0" timestamp="2023-01-15T01:18:39 IST" skipped="1">
  <testcase classname="com.projtest.api.practice.reporttest.PostResourceTest" name="postResource" time="0.000">
    <skipped/>
  </testcase> <!-- postResource -->
  <system-out/>
</testsuite> <!-- com.projtest.api.practice.reporttest.PostResourceTest -->
