<?xml version="1.0" encoding="UTF-8"?>
<!-- Generated by org.testng.reporters.JUnitReportReporter -->
<testsuite hostname="Surajkumars-MacBook-Pro.local" failures="0" tests="1" name="com.projtest.mobile.demotest.LoginPageTest" time="0.001" errors="0" timestamp="2022-12-25T14:13:48 IST" skipped="0">
  <testcase classname="com.projtest.mobile.demotest.LoginPageTest" name="homePageValidation" time="0.001"/>
  <system-out/>
</testsuite> <!-- com.projtest.mobile.demotest.LoginPageTest -->
